<?xml version="1.0" encoding="UTF-8"?>
<!-- Generated by org.testng.reporters.JUnitXMLReporter -->
<testsuite hostname="Sergeys-MacBook-Pro.local" ignored="0" name="Add Customer Test" tests="4" failures="0" timestamp="06 Jun 2021 17:11:53 GMT" time="10.985" errors="0">
  <testcase name="addCustomerTest" time="3.351" classname="testcases.AddCustomerTest"/>
  <testcase name="addCustomerTest" time="2.476" classname="testcases.AddCustomerTest"/>
  <testcase name="addCustomerTest" time="2.457" classname="testcases.AddCustomerTest"/>
  <testcase name="addCustomerTest" time="2.51" classname="testcases.AddCustomerTest"/>
</testsuite> <!-- Add Customer Test -->
