<?xml version="1.0" encoding="UTF-8"?>
<testsuite name="TestSuite" time="12.637" tests="6" errors="0" skipped="0" failures="0">
  <properties>
[...]
</properties>
  <testcase name="loginBankManager" classname="testcases.LoginBankManager" time="5.997"/>
  <testcase name="addCustomerTest" classname="testcases.AddCustomerTest" time="3.396"/>
  <testcase name="addCustomerTest" classname="testcases.AddCustomerTest" time="2.519"/>
  <testcase name="addCustomerTest" classname="testcases.AddCustomerTest" time="2.489"/>
  <testcase name="addCustomerTest" classname="testcases.AddCustomerTest" time="2.545"/>
  <testcase name="openAccountTest" classname="testcases.OpenAccountTest" time="3.244"/>
</testsuite>